<?xml version="1.0" encoding="UTF-8"?>
<!-- Generated by org.testng.reporters.JUnitReportReporter -->
<testsuite hostname="LAPTOP-BBU2DEAQ" failures="0" tests="5" name="testCases.Searchproduct" time="7.761" errors="0" timestamp="2022-03-27T00:37:58 IST" skipped="0">
  <testcase classname="testCases.Searchproduct" name="searchproducts" time="3.534"/>
  <system-out/>
  <testcase classname="testCases.Searchproduct" name="colourfilter" time="1.262"/>
  <system-out/>
  <testcase classname="testCases.Searchproduct" name="fabricfiltercheckbox" time="1.660"/>
  <system-out/>
  <testcase classname="testCases.Searchproduct" name="pricefilterslider" time="0.955"/>
  <system-out/>
  <testcase classname="testCases.Searchproduct" name="sortbyproduct" time="0.350"/>
  <system-out/>
</testsuite> <!-- testCases.Searchproduct -->
