<?xml version="1.0" encoding="UTF-8"?>
<!-- Generated by org.testng.reporters.JUnitReportReporter -->
<testsuite hostname="LAPTOP-BBU2DEAQ" failures="0" tests="1" name="testCases.Logintestcases" time="6.740" errors="0" timestamp="2022-03-27T00:37:59 IST" skipped="0">
  <testcase classname="testCases.Logintestcases" name="Logintestcase" time="6.740"/>
  <system-out/>
</testsuite> <!-- testCases.Logintestcases -->
